Backup exitoso para SW-W015-F: path = /root/devops/switches-config/Quincy/SW-W015-F/20241106-0833.txt

---------------------------------------------------------------------------------------------

Backup exitoso para SW-W015-G: path = /root/devops/switches-config/Quincy/SW-W015-G/20241106-0833.txt

---------------------------------------------------------------------------------------------

Backup exitoso para SW-W043-N: path = /root/devops/switches-config/Quincy/SW-W043-N/20241106-0833.txt

---------------------------------------------------------------------------------------------

Backup exitoso para SW-W043-O: path = /root/devops/switches-config/Quincy/SW-W043-O/20241106-0833.txt

---------------------------------------------------------------------------------------------

Backup exitoso para SW-W043-P: path = /root/devops/switches-config/Quincy/SW-W043-P/20241106-0833.txt

---------------------------------------------------------------------------------------------

Backup exitoso para SW-W043-P2: path = /root/devops/switches-config/Quincy/SW-W043-P2/20241106-0833.txt

---------------------------------------------------------------------------------------------

Backup exitoso para SW-W043-Q: path = /root/devops/switches-config/Quincy/SW-W043-Q/20241106-0833.txt

---------------------------------------------------------------------------------------------

Backup exitoso para SW-W043-R: path = /root/devops/switches-config/Quincy/SW-W043-R/20241106-0833.txt

---------------------------------------------------------------------------------------------

Backup exitoso para SW-W043-S: path = /root/devops/switches-config/Quincy/SW-W043-S/20241106-0833.txt

---------------------------------------------------------------------------------------------

Backup exitoso para SW-W043-T: path = /root/devops/switches-config/Quincy/SW-W043-T/20241106-0833.txt

---------------------------------------------------------------------------------------------

Error en SW-W037-M <X.X.X.X>: Paramiko: 'No existing session' error: try increasing 'conn_timeout' to 15 seconds or larger.

---------------------------------------------------------------------------------------------

Backup exitoso para SW-W037-O: path = /root/devops/switches-config/Quincy/SW-W037-O/20241106-0833.txt

---------------------------------------------------------------------------------------------

Backup exitoso para SW-W037-N: path = /root/devops/switches-config/Quincy/SW-W037-N/20241106-0833.txt

---------------------------------------------------------------------------------------------

Backup exitoso para SW-W047-M: path = /root/devops/switches-config/Quincy/SW-W047-M/20241106-0833.txt

---------------------------------------------------------------------------------------------

Backup exitoso para SW-W015-H: path = /root/devops/switches-config/Quincy/SW-W015-H/20241106-0833.txt

---------------------------------------------------------------------------------------------

Backup exitoso para SW-W015-I: path = /root/devops/switches-config/Quincy/SW-W015-I/20241106-0833.txt

---------------------------------------------------------------------------------------------

Backup exitoso para SW-W015-J: path = /root/devops/switches-config/Quincy/SW-W015-J/20241106-0833.txt

---------------------------------------------------------------------------------------------

Backup exitoso para SW-W015-K: path = /root/devops/switches-config/Quincy/SW-W015-K/20241106-0833.txt

---------------------------------------------------------------------------------------------

Backup exitoso para SW-W015-L: path = /root/devops/switches-config/Quincy/SW-W015-L/20241106-0833.txt

---------------------------------------------------------------------------------------------

Error en SW-W015-M <X.X.X.X>: TCP connection to device failed.

Common causes of this problem are:
1. Incorrect hostname or IP address.
2. Wrong TCP port.
3. Intermediate firewall blocking access.

Device settings: hp_comware X.X.X.X:22



---------------------------------------------------------------------------------------------

Backup exitoso para SW-W043-F: path = /root/devops/switches-config/Quincy/SW-W043-F/20241106-0833.txt

---------------------------------------------------------------------------------------------

Backup exitoso para SW-W043-G: path = /root/devops/switches-config/Quincy/SW-W043-G/20241106-0833.txt

---------------------------------------------------------------------------------------------

Backup exitoso para SW-W043-H: path = /root/devops/switches-config/Quincy/SW-W043-H/20241106-0833.txt

---------------------------------------------------------------------------------------------

Backup exitoso para SW-W043-I: path = /root/devops/switches-config/Quincy/SW-W043-I/20241106-0833.txt

---------------------------------------------------------------------------------------------

Backup exitoso para SW-W043-J: path = /root/devops/switches-config/Quincy/SW-W043-J/20241106-0833.txt

---------------------------------------------------------------------------------------------

Backup exitoso para SW-W043-K: path = /root/devops/switches-config/Quincy/SW-W043-K/20241106-0833.txt

---------------------------------------------------------------------------------------------

Backup exitoso para SW-W043-L: path = /root/devops/switches-config/Quincy/SW-W043-L/20241106-0833.txt

---------------------------------------------------------------------------------------------

Backup exitoso para SW-W043-M: path = /root/devops/switches-config/Quincy/SW-W043-M/20241106-0833.txt

---------------------------------------------------------------------------------------------

Backup exitoso para SW-W037-P: path = /root/devops/switches-config/Quincy/SW-W037-P/20241106-0833.txt

---------------------------------------------------------------------------------------------

Backup exitoso para SW-W037-Q: path = /root/devops/switches-config/Quincy/SW-W037-Q/20241106-0833.txt

---------------------------------------------------------------------------------------------

Backup exitoso para QY-CORE: path = /root/devops/switches-config/Quincy/QY-CORE/20241106-0833.txt

---------------------------------------------------------------------------------------------

Backup exitoso para SW-W015-F: /root/devops/switches-config/Quincy/SW-W015-F/20241106-0843.txt

---------------------------------------------------------------------------------------------

Backup exitoso para SW-W015-G: /root/devops/switches-config/Quincy/SW-W015-G/20241106-0843.txt

---------------------------------------------------------------------------------------------

Backup exitoso para SW-W043-N: /root/devops/switches-config/Quincy/SW-W043-N/20241106-0843.txt

---------------------------------------------------------------------------------------------

Backup exitoso para SW-W043-O: /root/devops/switches-config/Quincy/SW-W043-O/20241106-0843.txt

---------------------------------------------------------------------------------------------

Backup exitoso para SW-W043-P: /root/devops/switches-config/Quincy/SW-W043-P/20241106-0843.txt

---------------------------------------------------------------------------------------------

Backup exitoso para SW-W043-P2: /root/devops/switches-config/Quincy/SW-W043-P2/20241106-0843.txt

---------------------------------------------------------------------------------------------

Backup exitoso para SW-W043-Q: /root/devops/switches-config/Quincy/SW-W043-Q/20241106-0843.txt

---------------------------------------------------------------------------------------------

Backup exitoso para SW-W043-R: /root/devops/switches-config/Quincy/SW-W043-R/20241106-0843.txt

---------------------------------------------------------------------------------------------

Backup exitoso para SW-W043-S: /root/devops/switches-config/Quincy/SW-W043-S/20241106-0843.txt

---------------------------------------------------------------------------------------------

Backup exitoso para SW-W043-T: /root/devops/switches-config/Quincy/SW-W043-T/20241106-0843.txt

---------------------------------------------------------------------------------------------

Error en SW-W037-M <X.X.X.X>: Paramiko: 'No existing session' error: try increasing 'conn_timeout' to 15 seconds or larger.

---------------------------------------------------------------------------------------------

Backup exitoso para SW-W037-O: /root/devops/switches-config/Quincy/SW-W037-O/20241106-0843.txt

---------------------------------------------------------------------------------------------

Backup exitoso para SW-W037-N: /root/devops/switches-config/Quincy/SW-W037-N/20241106-0843.txt

---------------------------------------------------------------------------------------------

Backup exitoso para SW-W047-M: /root/devops/switches-config/Quincy/SW-W047-M/20241106-0843.txt

---------------------------------------------------------------------------------------------

Backup exitoso para SW-W015-H: /root/devops/switches-config/Quincy/SW-W015-H/20241106-0843.txt

---------------------------------------------------------------------------------------------

Backup exitoso para SW-W015-I: /root/devops/switches-config/Quincy/SW-W015-I/20241106-0843.txt

---------------------------------------------------------------------------------------------

Backup exitoso para SW-W015-J: /root/devops/switches-config/Quincy/SW-W015-J/20241106-0843.txt

---------------------------------------------------------------------------------------------

Backup exitoso para SW-W015-K: /root/devops/switches-config/Quincy/SW-W015-K/20241106-0843.txt

---------------------------------------------------------------------------------------------

Backup exitoso para SW-W015-L: /root/devops/switches-config/Quincy/SW-W015-L/20241106-0843.txt

---------------------------------------------------------------------------------------------

Backup exitoso para SW-W043-F: /root/devops/switches-config/Quincy/SW-W043-F/20241106-0843.txt

---------------------------------------------------------------------------------------------

Backup exitoso para SW-W043-G: /root/devops/switches-config/Quincy/SW-W043-G/20241106-0843.txt

---------------------------------------------------------------------------------------------

Backup exitoso para SW-W043-H: /root/devops/switches-config/Quincy/SW-W043-H/20241106-0843.txt

---------------------------------------------------------------------------------------------

Backup exitoso para SW-W043-I: /root/devops/switches-config/Quincy/SW-W043-I/20241106-0843.txt

---------------------------------------------------------------------------------------------

Backup exitoso para SW-W043-J: /root/devops/switches-config/Quincy/SW-W043-J/20241106-0843.txt

---------------------------------------------------------------------------------------------

Backup exitoso para SW-W043-K: /root/devops/switches-config/Quincy/SW-W043-K/20241106-0843.txt

---------------------------------------------------------------------------------------------

Backup exitoso para SW-W043-L: /root/devops/switches-config/Quincy/SW-W043-L/20241106-0843.txt

---------------------------------------------------------------------------------------------

Backup exitoso para SW-W043-M: /root/devops/switches-config/Quincy/SW-W043-M/20241106-0843.txt

---------------------------------------------------------------------------------------------

Backup exitoso para SW-W037-P: /root/devops/switches-config/Quincy/SW-W037-P/20241106-0843.txt

---------------------------------------------------------------------------------------------

Backup exitoso para SW-W037-Q: /root/devops/switches-config/Quincy/SW-W037-Q/20241106-0843.txt

---------------------------------------------------------------------------------------------

Backup exitoso para QY-CORE: /root/devops/switches-config/Quincy/Quincy/QY-CORE/20241106-0843.txt

---------------------------------------------------------------------------------------------

Backup exitoso para SW-W015-F: /root/devops/switches-config/Quincy/SW-W015-F/20241106-0848.txt

---------------------------------------------------------------------------------------------

Backup exitoso para SW-W015-G: /root/devops/switches-config/Quincy/SW-W015-G/20241106-0848.txt

---------------------------------------------------------------------------------------------

Backup exitoso para SW-W043-N: /root/devops/switches-config/Quincy/SW-W043-N/20241106-0848.txt

---------------------------------------------------------------------------------------------

Backup exitoso para SW-W043-O: /root/devops/switches-config/Quincy/SW-W043-O/20241106-0848.txt

---------------------------------------------------------------------------------------------

Backup exitoso para SW-W043-P: /root/devops/switches-config/Quincy/SW-W043-P/20241106-0848.txt

---------------------------------------------------------------------------------------------

Backup exitoso para SW-W043-P2: /root/devops/switches-config/Quincy/SW-W043-P2/20241106-0848.txt

---------------------------------------------------------------------------------------------

Backup exitoso para SW-W043-Q: /root/devops/switches-config/Quincy/SW-W043-Q/20241106-0848.txt

---------------------------------------------------------------------------------------------

Backup exitoso para SW-W043-R: /root/devops/switches-config/Quincy/SW-W043-R/20241106-0848.txt

---------------------------------------------------------------------------------------------

Backup exitoso para SW-W043-S: /root/devops/switches-config/Quincy/SW-W043-S/20241106-0848.txt

---------------------------------------------------------------------------------------------

Backup exitoso para SW-W043-T: /root/devops/switches-config/Quincy/SW-W043-T/20241106-0848.txt

---------------------------------------------------------------------------------------------

Backup exitoso para SW-W037-O: /root/devops/switches-config/Quincy/SW-W037-O/20241106-0848.txt

---------------------------------------------------------------------------------------------

Backup exitoso para SW-W037-N: /root/devops/switches-config/Quincy/SW-W037-N/20241106-0848.txt

---------------------------------------------------------------------------------------------

Backup exitoso para SW-W047-M: /root/devops/switches-config/Quincy/SW-W047-M/20241106-0848.txt

---------------------------------------------------------------------------------------------

Backup exitoso para SW-W015-H: /root/devops/switches-config/Quincy/SW-W015-H/20241106-0848.txt

---------------------------------------------------------------------------------------------

Backup exitoso para SW-W015-I: /root/devops/switches-config/Quincy/SW-W015-I/20241106-0848.txt

---------------------------------------------------------------------------------------------

Backup exitoso para SW-W015-J: /root/devops/switches-config/Quincy/SW-W015-J/20241106-0848.txt

---------------------------------------------------------------------------------------------

Backup exitoso para SW-W015-K: /root/devops/switches-config/Quincy/SW-W015-K/20241106-0848.txt

---------------------------------------------------------------------------------------------

Backup exitoso para SW-W015-L: /root/devops/switches-config/Quincy/SW-W015-L/20241106-0848.txt

---------------------------------------------------------------------------------------------

Backup exitoso para SW-W043-F: /root/devops/switches-config/Quincy/SW-W043-F/20241106-0848.txt

---------------------------------------------------------------------------------------------

Backup exitoso para SW-W043-G: /root/devops/switches-config/Quincy/SW-W043-G/20241106-0848.txt

---------------------------------------------------------------------------------------------

Backup exitoso para SW-W043-H: /root/devops/switches-config/Quincy/SW-W043-H/20241106-0848.txt

---------------------------------------------------------------------------------------------

Backup exitoso para SW-W043-I: /root/devops/switches-config/Quincy/SW-W043-I/20241106-0848.txt

---------------------------------------------------------------------------------------------

Backup exitoso para SW-W043-J: /root/devops/switches-config/Quincy/SW-W043-J/20241106-0848.txt

---------------------------------------------------------------------------------------------

Backup exitoso para SW-W043-K: /root/devops/switches-config/Quincy/SW-W043-K/20241106-0848.txt

---------------------------------------------------------------------------------------------

Backup exitoso para SW-W043-L: /root/devops/switches-config/Quincy/SW-W043-L/20241106-0848.txt

---------------------------------------------------------------------------------------------

Backup exitoso para SW-W043-M: /root/devops/switches-config/Quincy/SW-W043-M/20241106-0848.txt

---------------------------------------------------------------------------------------------

Backup exitoso para SW-W037-P: /root/devops/switches-config/Quincy/SW-W037-P/20241106-0848.txt

---------------------------------------------------------------------------------------------

Backup exitoso para SW-W037-Q: /root/devops/switches-config/Quincy/SW-W037-Q/20241106-0848.txt

---------------------------------------------------------------------------------------------

Backup exitoso para QY-CORE: /root/devops/switches-config/Quincy/Quincy/QY-CORE/20241106-0848.txt

---------------------------------------------------------------------------------------------

Backup exitoso para SW-W015-F: /root/devops/switches-config/Quincy/SW-W015-F/20241106-0853.txt

---------------------------------------------------------------------------------------------

Backup exitoso para SW-W015-G: /root/devops/switches-config/Quincy/SW-W015-G/20241106-0853.txt

---------------------------------------------------------------------------------------------

Backup exitoso para SW-W043-N: /root/devops/switches-config/Quincy/SW-W043-N/20241106-0853.txt

---------------------------------------------------------------------------------------------

Backup exitoso para SW-W043-O: /root/devops/switches-config/Quincy/SW-W043-O/20241106-0853.txt

---------------------------------------------------------------------------------------------

Backup exitoso para SW-W043-P: /root/devops/switches-config/Quincy/SW-W043-P/20241106-0853.txt

---------------------------------------------------------------------------------------------

Backup exitoso para SW-W043-P2: /root/devops/switches-config/Quincy/SW-W043-P2/20241106-0853.txt

---------------------------------------------------------------------------------------------

Backup exitoso para SW-W043-Q: /root/devops/switches-config/Quincy/SW-W043-Q/20241106-0853.txt

---------------------------------------------------------------------------------------------

Backup exitoso para SW-W043-R: /root/devops/switches-config/Quincy/SW-W043-R/20241106-0853.txt

---------------------------------------------------------------------------------------------

Backup exitoso para SW-W043-S: /root/devops/switches-config/Quincy/SW-W043-S/20241106-0853.txt

---------------------------------------------------------------------------------------------

Backup exitoso para SW-W043-T: /root/devops/switches-config/Quincy/SW-W043-T/20241106-0853.txt

---------------------------------------------------------------------------------------------

Backup exitoso para SW-W037-O: /root/devops/switches-config/Quincy/SW-W037-O/20241106-0853.txt

---------------------------------------------------------------------------------------------

Backup exitoso para SW-W037-N: /root/devops/switches-config/Quincy/SW-W037-N/20241106-0853.txt

---------------------------------------------------------------------------------------------

Backup exitoso para SW-W047-M: /root/devops/switches-config/Quincy/SW-W047-M/20241106-0853.txt

---------------------------------------------------------------------------------------------

Backup exitoso para SW-W015-H: /root/devops/switches-config/Quincy/SW-W015-H/20241106-0853.txt

---------------------------------------------------------------------------------------------

Backup exitoso para SW-W015-I: /root/devops/switches-config/Quincy/SW-W015-I/20241106-0853.txt

---------------------------------------------------------------------------------------------

Backup exitoso para SW-W015-J: /root/devops/switches-config/Quincy/SW-W015-J/20241106-0853.txt

---------------------------------------------------------------------------------------------

Backup exitoso para SW-W015-K: /root/devops/switches-config/Quincy/SW-W015-K/20241106-0853.txt

---------------------------------------------------------------------------------------------

Backup exitoso para SW-W015-L: /root/devops/switches-config/Quincy/SW-W015-L/20241106-0853.txt

---------------------------------------------------------------------------------------------

Backup exitoso para SW-W043-F: /root/devops/switches-config/Quincy/SW-W043-F/20241106-0853.txt

---------------------------------------------------------------------------------------------

Backup exitoso para SW-W043-G: /root/devops/switches-config/Quincy/SW-W043-G/20241106-0853.txt

---------------------------------------------------------------------------------------------

Backup exitoso para SW-W043-H: /root/devops/switches-config/Quincy/SW-W043-H/20241106-0853.txt

---------------------------------------------------------------------------------------------

Backup exitoso para SW-W043-I: /root/devops/switches-config/Quincy/SW-W043-I/20241106-0853.txt

---------------------------------------------------------------------------------------------

Backup exitoso para SW-W043-J: /root/devops/switches-config/Quincy/SW-W043-J/20241106-0853.txt

---------------------------------------------------------------------------------------------

Backup exitoso para SW-W043-K: /root/devops/switches-config/Quincy/SW-W043-K/20241106-0853.txt

---------------------------------------------------------------------------------------------

Backup exitoso para SW-W043-L: /root/devops/switches-config/Quincy/SW-W043-L/20241106-0853.txt

---------------------------------------------------------------------------------------------

Backup exitoso para SW-W043-M: /root/devops/switches-config/Quincy/SW-W043-M/20241106-0853.txt

---------------------------------------------------------------------------------------------

Backup exitoso para SW-W037-P: /root/devops/switches-config/Quincy/SW-W037-P/20241106-0853.txt

---------------------------------------------------------------------------------------------

Backup exitoso para SW-W037-Q: /root/devops/switches-config/Quincy/SW-W037-Q/20241106-0853.txt

---------------------------------------------------------------------------------------------

Backup exitoso para QY-CORE: /root/devops/switches-config/Quincy/QY-CORE/20241106-0853.txt

---------------------------------------------------------------------------------------------

Backup exitoso para SW-W015-F: /root/devops/switches-config/Quincy/SW-W015-F/20241106-1154.txt

---------------------------------------------------------------------------------------------

Backup exitoso para SW-W015-G: /root/devops/switches-config/Quincy/SW-W015-G/20241106-1154.txt

---------------------------------------------------------------------------------------------

Backup exitoso para SW-W043-N: /root/devops/switches-config/Quincy/SW-W043-N/20241106-1154.txt

---------------------------------------------------------------------------------------------

Backup exitoso para SW-W043-O: /root/devops/switches-config/Quincy/SW-W043-O/20241106-1154.txt

---------------------------------------------------------------------------------------------

Backup exitoso para SW-W043-P: /root/devops/switches-config/Quincy/SW-W043-P/20241106-1154.txt

---------------------------------------------------------------------------------------------

Backup exitoso para SW-W043-P2: /root/devops/switches-config/Quincy/SW-W043-P2/20241106-1154.txt

---------------------------------------------------------------------------------------------

Backup exitoso para SW-W043-Q: /root/devops/switches-config/Quincy/SW-W043-Q/20241106-1154.txt

---------------------------------------------------------------------------------------------

Backup exitoso para SW-W043-R: /root/devops/switches-config/Quincy/SW-W043-R/20241106-1154.txt

---------------------------------------------------------------------------------------------

Backup exitoso para SW-W043-S: /root/devops/switches-config/Quincy/SW-W043-S/20241106-1154.txt

---------------------------------------------------------------------------------------------

Backup exitoso para SW-W043-T: /root/devops/switches-config/Quincy/SW-W043-T/20241106-1154.txt

---------------------------------------------------------------------------------------------

Error en SW-W037-M <X.X.X.X>: 
A paramiko SSHException occurred during connection creation:

Error reading SSH protocol banner



---------------------------------------------------------------------------------------------

Backup exitoso para SW-W037-O: /root/devops/switches-config/Quincy/SW-W037-O/20241106-1154.txt

---------------------------------------------------------------------------------------------

Backup exitoso para SW-W037-N: /root/devops/switches-config/Quincy/SW-W037-N/20241106-1154.txt

---------------------------------------------------------------------------------------------

Backup exitoso para SW-W047-M: /root/devops/switches-config/Quincy/SW-W047-M/20241106-1154.txt

---------------------------------------------------------------------------------------------

Backup exitoso para SW-W015-H: /root/devops/switches-config/Quincy/SW-W015-H/20241106-1154.txt

---------------------------------------------------------------------------------------------

Backup exitoso para SW-W015-F: /root/devops/switches-config/Quincy/SW-W015-F/20241106-1156.txt

---------------------------------------------------------------------------------------------

Backup exitoso para SW-W015-G: /root/devops/switches-config/Quincy/SW-W015-G/20241106-1156.txt

---------------------------------------------------------------------------------------------

Backup exitoso para SW-W043-N: /root/devops/switches-config/Quincy/SW-W043-N/20241106-1156.txt

---------------------------------------------------------------------------------------------

Backup exitoso para SW-W043-O: /root/devops/switches-config/Quincy/SW-W043-O/20241106-1156.txt

---------------------------------------------------------------------------------------------

Backup exitoso para SW-W043-P: /root/devops/switches-config/Quincy/SW-W043-P/20241106-1156.txt

---------------------------------------------------------------------------------------------

Backup exitoso para SW-W043-P2: /root/devops/switches-config/Quincy/SW-W043-P2/20241106-1156.txt

---------------------------------------------------------------------------------------------

Backup exitoso para SW-W043-Q: /root/devops/switches-config/Quincy/SW-W043-Q/20241106-1156.txt

---------------------------------------------------------------------------------------------

Backup exitoso para SW-W043-R: /root/devops/switches-config/Quincy/SW-W043-R/20241106-1156.txt

---------------------------------------------------------------------------------------------

Backup exitoso para SW-W043-S: /root/devops/switches-config/Quincy/SW-W043-S/20241106-1156.txt

---------------------------------------------------------------------------------------------

Backup exitoso para SW-W043-T: /root/devops/switches-config/Quincy/SW-W043-T/20241106-1156.txt

---------------------------------------------------------------------------------------------

Backup exitoso para SW-W037-O: /root/devops/switches-config/Quincy/SW-W037-O/20241106-1156.txt

---------------------------------------------------------------------------------------------

Backup exitoso para SW-W037-N: /root/devops/switches-config/Quincy/SW-W037-N/20241106-1156.txt

---------------------------------------------------------------------------------------------

Backup exitoso para SW-W047-M: /root/devops/switches-config/Quincy/SW-W047-M/20241106-1156.txt

---------------------------------------------------------------------------------------------

Backup exitoso para SW-W015-H: /root/devops/switches-config/Quincy/SW-W015-H/20241106-1156.txt

---------------------------------------------------------------------------------------------

Backup exitoso para SW-W015-I: /root/devops/switches-config/Quincy/SW-W015-I/20241106-1156.txt

---------------------------------------------------------------------------------------------

Backup exitoso para SW-W015-J: /root/devops/switches-config/Quincy/SW-W015-J/20241106-1156.txt

---------------------------------------------------------------------------------------------

Backup exitoso para SW-W015-K: /root/devops/switches-config/Quincy/SW-W015-K/20241106-1156.txt

---------------------------------------------------------------------------------------------

Backup exitoso para SW-W015-L: /root/devops/switches-config/Quincy/SW-W015-L/20241106-1156.txt

---------------------------------------------------------------------------------------------

Backup exitoso para SW-W043-F: /root/devops/switches-config/Quincy/SW-W043-F/20241106-1156.txt

---------------------------------------------------------------------------------------------

Backup exitoso para SW-W043-G: /root/devops/switches-config/Quincy/SW-W043-G/20241106-1156.txt

---------------------------------------------------------------------------------------------

Backup exitoso para SW-W043-H: /root/devops/switches-config/Quincy/SW-W043-H/20241106-1156.txt

---------------------------------------------------------------------------------------------

Backup exitoso para SW-W043-I: /root/devops/switches-config/Quincy/SW-W043-I/20241106-1156.txt

---------------------------------------------------------------------------------------------

Backup exitoso para SW-W043-J: /root/devops/switches-config/Quincy/SW-W043-J/20241106-1156.txt

---------------------------------------------------------------------------------------------

Backup exitoso para SW-W043-K: /root/devops/switches-config/Quincy/SW-W043-K/20241106-1156.txt

---------------------------------------------------------------------------------------------

Backup exitoso para SW-W043-L: /root/devops/switches-config/Quincy/SW-W043-L/20241106-1156.txt

---------------------------------------------------------------------------------------------

Backup exitoso para SW-W043-M: /root/devops/switches-config/Quincy/SW-W043-M/20241106-1156.txt

---------------------------------------------------------------------------------------------

Backup exitoso para SW-W037-P: /root/devops/switches-config/Quincy/SW-W037-P/20241106-1156.txt

---------------------------------------------------------------------------------------------

Backup exitoso para SW-W037-Q: /root/devops/switches-config/Quincy/SW-W037-Q/20241106-1156.txt

---------------------------------------------------------------------------------------------

Backup exitoso para QY-CORE: /root/devops/switches-config/Quincy/QY-CORE/20241106-1156.txt

---------------------------------------------------------------------------------------------

